# JRE version: Java(TM) SE Runtime Environment (17.0.12+8) (build 17.0.12+8-LTS-286)
# Java VM: Java HotSpot(TM) 64-Bit Server VM (17.0.12+8-LTS-286, mixed mode, sharing, tiered, compressed oops, compressed class ptrs, g1 gc, windows-amd64)
GC Precious Log:
 CPUs: 4 total, 4 available
 Memory: 3989M
 Large Page Support: Disabled
 NUMA Support: Disabled
 Compressed Oops: Enabled (32-bit)
 Heap Region Size: 1M
 Heap Min Capacity: 256M
 Heap Initial Capacity: 256M
 Heap Max Capacity: 512M
 Pre-touch: Disabled
 Parallel Workers: 4
 Concurrent Workers: 1
 Concurrent Refinement Workers: 4
 Periodic GC: Disabled
Heap:
 garbage-first heap   total 262144K, used 163150K [0x00000000e0000000, 0x0000000100000000)
  region size 1024K, 69 young (70656K), 4 survivors (4096K)
 Metaspace       used 91735K, committed 92544K, reserved 458752K
  class space    used 12110K, committed 12480K, reserved 327680K
GC Heap History (20 events):
Event: 23.965 GC heap before
{Heap before GC invocations=13 (full 0):
 garbage-first heap   total 262144K, used 196663K [0x00000000e0000000, 0x0000000100000000)
  region size 1024K, 153 young (156672K), 18 survivors (18432K)
 Metaspace       used 67389K, committed 67968K, reserved 393216K
  class space    used 9145K, committed 9408K, reserved 327680K
}
Event: 23.994 GC heap after
{Heap after GC invocations=14 (full 0):
 garbage-first heap   total 262144K, used 63629K [0x00000000e0000000, 0x0000000100000000)
  region size 1024K, 7 young (7168K), 7 survivors (7168K)
 Metaspace       used 67389K, committed 67968K, reserved 393216K
  class space    used 9145K, committed 9408K, reserved 327680K
}
Event: 26.119 GC heap before
{Heap before GC invocations=14 (full 0):
 garbage-first heap   total 262144K, used 206989K [0x00000000e0000000, 0x0000000100000000)
  region size 1024K, 148 young (151552K), 7 survivors (7168K)
 Metaspace       used 74512K, committed 75200K, reserved 393216K
  class space    used 10207K, committed 10496K, reserved 327680K
}
Event: 26.130 GC heap after
{Heap after GC invocations=15 (full 0):
 garbage-first heap   total 262144K, used 63870K [0x00000000e0000000, 0x0000000100000000)
  region size 1024K, 7 young (7168K), 7 survivors (7168K)
 Metaspace       used 74512K, committed 75200K, reserved 393216K
  class space    used 10207K, committed 10496K, reserved 327680K
}
Event: 29.950 GC heap before
{Heap before GC invocations=15 (full 0):
 garbage-first heap   total 262144K, used 210302K [0x00000000e0000000, 0x0000000100000000)
  region size 1024K, 151 young (154624K), 7 survivors (7168K)
 Metaspace       used 85156K, committed 85888K, reserved 458752K
  class space    used 11509K, committed 11840K, reserved 327680K
}
Event: 29.984 GC heap after
{Heap after GC invocations=16 (full 0):
 garbage-first heap   total 262144K, used 76664K [0x00000000e0000000, 0x0000000100000000)
  region size 1024K, 19 young (19456K), 19 survivors (19456K)
 Metaspace       used 85156K, committed 85888K, reserved 458752K
  class space    used 11509K, committed 11840K, reserved 327680K
}
Event: 33.595 GC heap before
{Heap before GC invocations=16 (full 0):
 garbage-first heap   total 262144K, used 206712K [0x00000000e0000000, 0x0000000100000000)
  region size 1024K, 147 young (150528K), 19 survivors (19456K)
 Metaspace       used 87159K, committed 87872K, reserved 458752K
  class space    used 11745K, committed 12032K, reserved 327680K
}
Event: 33.626 GC heap after
{Heap after GC invocations=17 (full 0):
 garbage-first heap   total 262144K, used 76732K [0x00000000e0000000, 0x0000000100000000)
  region size 1024K, 5 young (5120K), 5 survivors (5120K)
 Metaspace       used 87159K, committed 87872K, reserved 458752K
  class space    used 11745K, committed 12032K, reserved 327680K
}
Event: 84.585 GC heap before
{Heap before GC invocations=17 (full 0):
 garbage-first heap   total 262144K, used 208828K [0x00000000e0000000, 0x0000000100000000)
  region size 1024K, 135 young (138240K), 5 survivors (5120K)
 Metaspace       used 89650K, committed 90368K, reserved 458752K
  class space    used 12047K, committed 12352K, reserved 327680K
}
Event: 84.648 GC heap after
{Heap after GC invocations=18 (full 0):
 garbage-first heap   total 262144K, used 86972K [0x00000000e0000000, 0x0000000100000000)
  region size 1024K, 15 young (15360K), 15 survivors (15360K)
 Metaspace       used 89650K, committed 90368K, reserved 458752K
  class space    used 12047K, committed 12352K, reserved 327680K
}
Event: 85.737 GC heap before
{Heap before GC invocations=18 (full 0):
 garbage-first heap   total 262144K, used 208828K [0x00000000e0000000, 0x0000000100000000)
  region size 1024K, 134 young (137216K), 15 survivors (15360K)
 Metaspace       used 89951K, committed 90688K, reserved 458752K
  class space    used 12048K, committed 12352K, reserved 327680K
}
Event: 85.761 GC heap after
{Heap after GC invocations=19 (full 0):
 garbage-first heap   total 262144K, used 87009K [0x00000000e0000000, 0x0000000100000000)
  region size 1024K, 3 young (3072K), 3 survivors (3072K)
 Metaspace       used 89951K, committed 90688K, reserved 458752K
  class space    used 12048K, committed 12352K, reserved 327680K
}
Event: 87.509 GC heap before
{Heap before GC invocations=19 (full 0):
 garbage-first heap   total 262144K, used 210913K [0x00000000e0000000, 0x0000000100000000)
  region size 1024K, 125 young (128000K), 3 survivors (3072K)
 Metaspace       used 90549K, committed 91264K, reserved 458752K
  class space    used 12056K, committed 12352K, reserved 327680K
}
Event: 87.517 GC heap after
{Heap after GC invocations=20 (full 0):
 garbage-first heap   total 262144K, used 89014K [0x00000000e0000000, 0x0000000100000000)
  region size 1024K, 5 young (5120K), 5 survivors (5120K)
 Metaspace       used 90549K, committed 91264K, reserved 458752K
  class space    used 12056K, committed 12352K, reserved 327680K
}
Event: 524.512 GC heap before
{Heap before GC invocations=20 (full 0):
 garbage-first heap   total 262144K, used 213942K [0x00000000e0000000, 0x0000000100000000)
  region size 1024K, 128 young (131072K), 5 survivors (5120K)
 Metaspace       used 90922K, committed 91648K, reserved 458752K
  class space    used 12062K, committed 12416K, reserved 327680K
}
Event: 524.634 GC heap after
{Heap after GC invocations=21 (full 0):
 garbage-first heap   total 262144K, used 86843K [0x00000000e0000000, 0x0000000100000000)
  region size 1024K, 3 young (3072K), 3 survivors (3072K)
 Metaspace       used 90922K, committed 91648K, reserved 458752K
  class space    used 12062K, committed 12416K, reserved 327680K
}
Event: 1682.279 GC heap before
{Heap before GC invocations=21 (full 0):
 garbage-first heap   total 262144K, used 216891K [0x00000000e0000000, 0x0000000100000000)
  region size 1024K, 131 young (134144K), 3 survivors (3072K)
 Metaspace       used 91487K, committed 92224K, reserved 458752K
  class space    used 12092K, committed 12416K, reserved 327680K
}
Event: 1682.379 GC heap after
{Heap after GC invocations=22 (full 0):
 garbage-first heap   total 262144K, used 97249K [0x00000000e0000000, 0x0000000100000000)
  region size 1024K, 13 young (13312K), 13 survivors (13312K)
 Metaspace       used 91487K, committed 92224K, reserved 458752K
  class space    used 12092K, committed 12416K, reserved 327680K
}
Event: 1684.379 GC heap before
{Heap before GC invocations=22 (full 0):
 garbage-first heap   total 262144K, used 210913K [0x00000000e0000000, 0x0000000100000000)
  region size 1024K, 124 young (126976K), 13 survivors (13312K)
 Metaspace       used 91685K, committed 92544K, reserved 458752K
  class space    used 12104K, committed 12480K, reserved 327680K
}
Event: 1684.427 GC heap after
{Heap after GC invocations=23 (full 0):
 garbage-first heap   total 262144K, used 97614K [0x00000000e0000000, 0x0000000100000000)
  region size 1024K, 4 young (4096K), 4 survivors (4096K)
 Metaspace       used 91685K, committed 92544K, reserved 458752K
  class space    used 12104K, committed 12480K, reserved 327680K
}

